<?xml version="1.0" encoding="UTF-8"?>
<!-- Generated by org.testng.reporters.JUnitXMLReporter -->
<testsuite ignored="0" hostname="LAPTOP-197KL6J0" failures="0" tests="4" name="Default test" time="0.742" errors="0" timestamp="2022-03-01T13:28:37 IST">
  <testcase classname="retryAnalyzer.TestCase01" name="createLead" time="0.22">
    <skipped/>
  </testcase> <!-- createLead -->
  <testcase classname="retryAnalyzer.TestCase01" name="createLead" time="0.214">
    <skipped/>
  </testcase> <!-- createLead -->
  <testcase classname="retryAnalyzer.TestCase01" name="createLead" time="0.202">
    <skipped/>
  </testcase> <!-- createLead -->
  <testcase classname="retryAnalyzer.TestCase01" name="createLead" time="0.064"/>
</testsuite> <!-- Default test -->
